  Compiling CUDA source file kernel.cu...
  
  D:\KMeansParallelAlgorithm\KMeansParallelAlgorithm>"C:\Program Files\NVIDIA GPU Computing Toolkit\CUDA\v8.0\bin\nvcc.exe" -gencode=arch=compute_20,code=\"sm_20,compute_20\" --use-local-env --cl-version 2015 -ccbin "C:\Program Files (x86)\Microsoft Visual Studio 14.0\VC\bin\x86_amd64"  -I"C:\Program Files\MPICH2\include" -I"C:\Program Files\NVIDIA GPU Computing Toolkit\CUDA\v8.0\include" -I"C:\Program Files\NVIDIA GPU Computing Toolkit\CUDA\v8.0\include"  -G   --keep-dir x64\Debug -maxrregcount=0  --machine 64 --compile -cudart static  -g   -DWIN32 -DWIN64 -D_DEBUG -D_CONSOLE -D_MBCS -Xcompiler "/EHsc /W3 /nologo /Od /FS /Zi /RTC1 /MDd " -o x64\Debug\kernel.cu.obj "D:\KMeansParallelAlgorithm\KMeansParallelAlgorithm\kernel.cu" 
D:/KMeansParallelAlgorithm/KMeansParallelAlgorithm/kernel.cu(20): warning : variable "counter" was declared but never referenced
D:/KMeansParallelAlgorithm/KMeansParallelAlgorithm/kernel.cu(20): warning : variable "counter" was declared but never referenced
CUDACOMPILE : nvcc warning : The 'compute_20', 'sm_20', and 'sm_21' architectures are deprecated, and may be removed in a future release (Use -Wno-deprecated-gpu-targets to suppress warning).
  kernel.cu
  MPI Type Decleration Func.cpp
d:\kmeansparallelalgorithm\kmeansparallelalgorithm\kmeans header.h(19): warning C4091: 'typedef ': ignored on left of 'Cluster' when no variable is declared
d:\kmeansparallelalgorithm\kmeansparallelalgorithm\kmeans header.h(35): warning C4091: 'typedef ': ignored on left of 'Point' when no variable is declared
  Allocation Func.cpp
  KMeans Func.cpp
d:\kmeansparallelalgorithm\kmeansparallelalgorithm\kmeans header.h(19): warning C4091: 'typedef ': ignored on left of 'Cluster' when no variable is declared
d:\kmeansparallelalgorithm\kmeansparallelalgorithm\kmeans header.h(35): warning C4091: 'typedef ': ignored on left of 'Point' when no variable is declared
d:\kmeansparallelalgorithm\kmeansparallelalgorithm\kmeans func.cpp(135): warning C4101: 'j': unreferenced local variable
d:\kmeansparallelalgorithm\kmeansparallelalgorithm\kmeans func.cpp(162): warning C4101: 'j': unreferenced local variable
d:\kmeansparallelalgorithm\kmeansparallelalgorithm\kmeans func.cpp(218): warning C4244: 'argument': conversion from 'double' to 'int', possible loss of data
d:\kmeansparallelalgorithm\kmeansparallelalgorithm\kmeans func.cpp(284): warning C4101: 'status': unreferenced local variable
  Main.cpp
d:\kmeansparallelalgorithm\kmeansparallelalgorithm\kmeans header.h(19): warning C4091: 'typedef ': ignored on left of 'Cluster' when no variable is declared
d:\kmeansparallelalgorithm\kmeansparallelalgorithm\kmeans header.h(35): warning C4091: 'typedef ': ignored on left of 'Point' when no variable is declared
d:\kmeansparallelalgorithm\kmeansparallelalgorithm\main.cpp(38): warning C4101: 'grid_comm': unreferenced local variable
  File Func.cpp
d:\kmeansparallelalgorithm\kmeansparallelalgorithm\kmeans header.h(19): warning C4091: 'typedef ': ignored on left of 'Cluster' when no variable is declared
d:\kmeansparallelalgorithm\kmeansparallelalgorithm\kmeans header.h(35): warning C4091: 'typedef ': ignored on left of 'Point' when no variable is declared
d:\kmeansparallelalgorithm\kmeansparallelalgorithm\file func.cpp(14): warning C4996: 'fopen': This function or variable may be unsafe. Consider using fopen_s instead. To disable deprecation, use _CRT_SECURE_NO_WARNINGS. See online help for details.
  c:\program files (x86)\windows kits\10\include\10.0.10240.0\ucrt\stdio.h(205): note: see declaration of 'fopen'
d:\kmeansparallelalgorithm\kmeansparallelalgorithm\file func.cpp(24): warning C4996: 'fscanf': This function or variable may be unsafe. Consider using fscanf_s instead. To disable deprecation, use _CRT_SECURE_NO_WARNINGS. See online help for details.
  c:\program files (x86)\windows kits\10\include\10.0.10240.0\ucrt\stdio.h(1193): note: see declaration of 'fscanf'
d:\kmeansparallelalgorithm\kmeansparallelalgorithm\file func.cpp(32): warning C4996: 'fscanf': This function or variable may be unsafe. Consider using fscanf_s instead. To disable deprecation, use _CRT_SECURE_NO_WARNINGS. See online help for details.
  c:\program files (x86)\windows kits\10\include\10.0.10240.0\ucrt\stdio.h(1193): note: see declaration of 'fscanf'
d:\kmeansparallelalgorithm\kmeansparallelalgorithm\file func.cpp(47): warning C4996: 'fopen': This function or variable may be unsafe. Consider using fopen_s instead. To disable deprecation, use _CRT_SECURE_NO_WARNINGS. See online help for details.
  c:\program files (x86)\windows kits\10\include\10.0.10240.0\ucrt\stdio.h(205): note: see declaration of 'fopen'
  Generating Code...
  KMeansParallelAlgorithm.vcxproj -> D:\KMeansParallelAlgorithm\x64\Debug\KMeansParallelAlgorithm.exe
  KMeansParallelAlgorithm.vcxproj -> D:\KMeansParallelAlgorithm\x64\Debug\KMeansParallelAlgorithm.pdb (Full PDB)
  copy "C:\Program Files\NVIDIA GPU Computing Toolkit\CUDA\v8.0\bin\cudart*.dll" "D:\KMeansParallelAlgorithm\x64\Debug\"
  C:\Program Files\NVIDIA GPU Computing Toolkit\CUDA\v8.0\bin\cudart32_80.dll
  C:\Program Files\NVIDIA GPU Computing Toolkit\CUDA\v8.0\bin\cudart64_80.dll
          2 file(s) copied.
