d:\kmeansparallelalgorithm\kmeansparallelalgorithm\x64\debug\vc140.pdb
d:\kmeansparallelalgorithm\kmeansparallelalgorithm\x64\debug\vc140.idb
d:\kmeansparallelalgorithm\kmeansparallelalgorithm\x64\debug\file func.obj
d:\kmeansparallelalgorithm\kmeansparallelalgorithm\x64\debug\main.obj
d:\kmeansparallelalgorithm\kmeansparallelalgorithm\x64\debug\kmeans func.obj
d:\kmeansparallelalgorithm\kmeansparallelalgorithm\x64\debug\allocation func.obj
d:\kmeansparallelalgorithm\kmeansparallelalgorithm\x64\debug\mpi type decleration func.obj
d:\kmeansparallelalgorithm\kmeansparallelalgorithm\x64\debug\kernel.cu.cache
d:\kmeansparallelalgorithm\kmeansparallelalgorithm\x64\debug\kernel.cu.obj
d:\kmeansparallelalgorithm\kmeansparallelalgorithm\x64\debug\source.obj
d:\kmeansparallelalgorithm\x64\debug\kmeansparallelalgorithm.pdb
d:\kmeansparallelalgorithm\kmeansparallelalgorithm\x64\debug\kmeanspa.f5855854.tlog\cl.command.1.tlog
d:\kmeansparallelalgorithm\kmeansparallelalgorithm\x64\debug\kmeanspa.f5855854.tlog\cl.read.1.tlog
d:\kmeansparallelalgorithm\kmeansparallelalgorithm\x64\debug\kmeanspa.f5855854.tlog\cl.write.1.tlog
d:\kmeansparallelalgorithm\kmeansparallelalgorithm\x64\debug\kmeanspa.f5855854.tlog\link-cvtres.read.1.tlog
d:\kmeansparallelalgorithm\kmeansparallelalgorithm\x64\debug\kmeanspa.f5855854.tlog\link-cvtres.write.1.tlog
d:\kmeansparallelalgorithm\kmeansparallelalgorithm\x64\debug\kmeanspa.f5855854.tlog\link-rc.read.1.tlog
d:\kmeansparallelalgorithm\kmeansparallelalgorithm\x64\debug\kmeanspa.f5855854.tlog\link-rc.write.1.tlog
d:\kmeansparallelalgorithm\kmeansparallelalgorithm\x64\debug\kmeanspa.f5855854.tlog\link.10092-cvtres.read.1.tlog
d:\kmeansparallelalgorithm\kmeansparallelalgorithm\x64\debug\kmeanspa.f5855854.tlog\link.10092-cvtres.write.1.tlog
d:\kmeansparallelalgorithm\kmeansparallelalgorithm\x64\debug\kmeanspa.f5855854.tlog\link.10092-rc.read.1.tlog
d:\kmeansparallelalgorithm\kmeansparallelalgorithm\x64\debug\kmeanspa.f5855854.tlog\link.10092-rc.write.1.tlog
d:\kmeansparallelalgorithm\kmeansparallelalgorithm\x64\debug\kmeanspa.f5855854.tlog\link.10092.read.1.tlog
d:\kmeansparallelalgorithm\kmeansparallelalgorithm\x64\debug\kmeanspa.f5855854.tlog\link.10092.write.1.tlog
d:\kmeansparallelalgorithm\kmeansparallelalgorithm\x64\debug\kmeanspa.f5855854.tlog\link.command.1.tlog
d:\kmeansparallelalgorithm\kmeansparallelalgorithm\x64\debug\kmeanspa.f5855854.tlog\link.read.1.tlog
d:\kmeansparallelalgorithm\kmeansparallelalgorithm\x64\debug\kmeanspa.f5855854.tlog\link.write.1.tlog
