  Compiling CUDA source file kernel.cu...
  
  C:\Users\afeka\Desktop\KMeansParallelAlgorithm\KMeansParallelAlgorithm>"C:\Program Files\NVIDIA GPU Computing Toolkit\CUDA\v8.0\bin\nvcc.exe" -gencode=arch=compute_20,code=\"sm_20,compute_20\" --use-local-env --cl-version 2015 -ccbin "C:\Program Files (x86)\Microsoft Visual Studio 14.0\VC\bin"  -I"C:\Program Files\MPICH2\include" -I"C:\Program Files\NVIDIA GPU Computing Toolkit\CUDA\v8.0\include" -I"C:\Program Files\NVIDIA GPU Computing Toolkit\CUDA\v8.0\include"  -G   --keep-dir Debug -maxrregcount=0  --machine 32 --compile -cudart static  -g   -DWIN32 -D_DEBUG -D_CONSOLE -D_MBCS -Xcompiler "/EHsc /W3 /nologo /Od /FS /Zi /RTC1 /MDd " -o Debug\kernel.cu.obj "C:\Users\afeka\Desktop\KMeansParallelAlgorithm\KMeansParallelAlgorithm\kernel.cu" 
CUDACOMPILE : nvcc warning : The 'compute_20', 'sm_20', and 'sm_21' architectures are deprecated, and may be removed in a future release (Use -Wno-deprecated-gpu-targets to suppress warning).
  kernel.cu
  MPI Type Decleration Func.cpp
c:\users\afeka\desktop\kmeansparallelalgorithm\kmeansparallelalgorithm\kmeans header.h(14): warning C4091: 'typedef ': ignored on left of 'Cluster' when no variable is declared
c:\users\afeka\desktop\kmeansparallelalgorithm\kmeansparallelalgorithm\kmeans header.h(30): warning C4091: 'typedef ': ignored on left of 'Point' when no variable is declared
  Allocation Func.cpp
  KMeans Func.cpp
c:\users\afeka\desktop\kmeansparallelalgorithm\kmeansparallelalgorithm\kmeans header.h(14): warning C4091: 'typedef ': ignored on left of 'Cluster' when no variable is declared
c:\users\afeka\desktop\kmeansparallelalgorithm\kmeansparallelalgorithm\kmeans header.h(30): warning C4091: 'typedef ': ignored on left of 'Point' when no variable is declared
c:\users\afeka\desktop\kmeansparallelalgorithm\kmeansparallelalgorithm\kmeans func.cpp(89): warning C4101: 'i': unreferenced local variable
c:\users\afeka\desktop\kmeansparallelalgorithm\kmeansparallelalgorithm\kmeans func.cpp(159): warning C4101: 'i': unreferenced local variable
  Main.cpp
c:\users\afeka\desktop\kmeansparallelalgorithm\kmeansparallelalgorithm\kmeans header.h(14): warning C4091: 'typedef ': ignored on left of 'Cluster' when no variable is declared
c:\users\afeka\desktop\kmeansparallelalgorithm\kmeansparallelalgorithm\kmeans header.h(30): warning C4091: 'typedef ': ignored on left of 'Point' when no variable is declared
c:\users\afeka\desktop\kmeansparallelalgorithm\kmeansparallelalgorithm\main.cpp(36): warning C4101: 'status': unreferenced local variable
c:\users\afeka\desktop\kmeansparallelalgorithm\kmeansparallelalgorithm\main.cpp(37): warning C4101: 'grid_comm': unreferenced local variable
  File Func.cpp
c:\users\afeka\desktop\kmeansparallelalgorithm\kmeansparallelalgorithm\kmeans header.h(14): warning C4091: 'typedef ': ignored on left of 'Cluster' when no variable is declared
c:\users\afeka\desktop\kmeansparallelalgorithm\kmeansparallelalgorithm\kmeans header.h(30): warning C4091: 'typedef ': ignored on left of 'Point' when no variable is declared
c:\users\afeka\desktop\kmeansparallelalgorithm\kmeansparallelalgorithm\file func.cpp(13): warning C4996: 'fopen': This function or variable may be unsafe. Consider using fopen_s instead. To disable deprecation, use _CRT_SECURE_NO_WARNINGS. See online help for details.
  c:\program files (x86)\windows kits\10\include\10.0.10240.0\ucrt\stdio.h(205): note: see declaration of 'fopen'
c:\users\afeka\desktop\kmeansparallelalgorithm\kmeansparallelalgorithm\file func.cpp(23): warning C4996: 'fscanf': This function or variable may be unsafe. Consider using fscanf_s instead. To disable deprecation, use _CRT_SECURE_NO_WARNINGS. See online help for details.
  c:\program files (x86)\windows kits\10\include\10.0.10240.0\ucrt\stdio.h(1193): note: see declaration of 'fscanf'
c:\users\afeka\desktop\kmeansparallelalgorithm\kmeansparallelalgorithm\file func.cpp(31): warning C4996: 'fscanf': This function or variable may be unsafe. Consider using fscanf_s instead. To disable deprecation, use _CRT_SECURE_NO_WARNINGS. See online help for details.
  c:\program files (x86)\windows kits\10\include\10.0.10240.0\ucrt\stdio.h(1193): note: see declaration of 'fscanf'
c:\users\afeka\desktop\kmeansparallelalgorithm\kmeansparallelalgorithm\file func.cpp(46): warning C4996: 'fopen': This function or variable may be unsafe. Consider using fopen_s instead. To disable deprecation, use _CRT_SECURE_NO_WARNINGS. See online help for details.
  c:\program files (x86)\windows kits\10\include\10.0.10240.0\ucrt\stdio.h(205): note: see declaration of 'fopen'
  Generating Code...
Main.obj : error LNK2019: unresolved external symbol _MPI_Bcast referenced in function _main
Main.obj : error LNK2019: unresolved external symbol _MPI_Comm_size referenced in function _main
Main.obj : error LNK2019: unresolved external symbol _MPI_Comm_rank referenced in function _main
Main.obj : error LNK2019: unresolved external symbol _MPI_Get_processor_name referenced in function _main
Main.obj : error LNK2019: unresolved external symbol _MPI_Init referenced in function _main
Main.obj : error LNK2019: unresolved external symbol _MPI_Finalize referenced in function _main
Main.obj : error LNK2019: unresolved external symbol _MPI_Abort referenced in function _main
MPI Type Decleration Func.obj : error LNK2019: unresolved external symbol _MPI_Type_commit referenced in function "void __cdecl createClusterType(int *)" (?createClusterType@@YAXPAH@Z)
MPI Type Decleration Func.obj : error LNK2019: unresolved external symbol _MPI_Type_create_struct referenced in function "void __cdecl createClusterType(int *)" (?createClusterType@@YAXPAH@Z)
C:\Program Files\MPICH2\lib\mpi.lib : warning LNK4272: library machine type 'x64' conflicts with target machine type 'X86'
C:\Users\afeka\Desktop\KMeansParallelAlgorithm\Debug\KMeansParallelAlgorithm.exe : fatal error LNK1120: 9 unresolved externals
