d:\kmeansparallelalgorithm-master\kmeansparallelalgorithm\debug\vc140.pdb
d:\kmeansparallelalgorithm-master\kmeansparallelalgorithm\debug\vc140.idb
d:\kmeansparallelalgorithm-master\kmeansparallelalgorithm\debug\main.obj
d:\kmeansparallelalgorithm-master\kmeansparallelalgorithm\debug\source.obj
c:\users\afeka\desktop\kmeansparallelalgorithm\kmeansparallelalgorithm\debug\vc140.pdb
c:\users\afeka\desktop\kmeansparallelalgorithm\kmeansparallelalgorithm\debug\vc140.idb
c:\users\afeka\desktop\kmeansparallelalgorithm\kmeansparallelalgorithm\debug\main.obj
c:\users\afeka\desktop\kmeansparallelalgorithm\kmeansparallelalgorithm\debug\source.obj
c:\users\afeka\desktop\kmeansparallelalgorithm\kmeansparallelalgorithm\debug\file func.obj
c:\users\afeka\desktop\kmeansparallelalgorithm\kmeansparallelalgorithm\debug\kmeans func.obj
c:\users\afeka\desktop\kmeansparallelalgorithm\kmeansparallelalgorithm\debug\allocation func.obj
c:\users\afeka\desktop\kmeansparallelalgorithm\kmeansparallelalgorithm\debug\mpi type decleration func.obj
d:\kmeansparallelalgorithm\kmeansparallelalgorithm\debug\vc140.pdb
d:\kmeansparallelalgorithm\kmeansparallelalgorithm\debug\vc140.idb
d:\kmeansparallelalgorithm\kmeansparallelalgorithm\debug\file func.obj
d:\kmeansparallelalgorithm\kmeansparallelalgorithm\debug\main.obj
d:\kmeansparallelalgorithm\kmeansparallelalgorithm\debug\kmeans func.obj
d:\kmeansparallelalgorithm\kmeansparallelalgorithm\debug\allocation func.obj
d:\kmeansparallelalgorithm\kmeansparallelalgorithm\debug\mpi type decleration func.obj
d:\kmeansparallelalgorithm\kmeansparallelalgorithm\debug\kernel.cu.cache
d:\kmeansparallelalgorithm\kmeansparallelalgorithm\debug\kernel.cu.obj
d:\kmeansparallelalgorithm\kmeansparallelalgorithm\debug\source.obj
d:\kmeansparallelalgorithm\debug\kmeansparallelalgorithm.pdb
d:\kmeansparallelalgorithm\kmeansparallelalgorithm\debug\kmeanspa.f5855854.tlog\cl.command.1.tlog
d:\kmeansparallelalgorithm\kmeansparallelalgorithm\debug\kmeanspa.f5855854.tlog\cl.read.1.tlog
d:\kmeansparallelalgorithm\kmeansparallelalgorithm\debug\kmeanspa.f5855854.tlog\cl.write.1.tlog
d:\kmeansparallelalgorithm\kmeansparallelalgorithm\debug\kmeanspa.f5855854.tlog\link-cvtres.read.1.tlog
d:\kmeansparallelalgorithm\kmeansparallelalgorithm\debug\kmeanspa.f5855854.tlog\link-cvtres.write.1.tlog
d:\kmeansparallelalgorithm\kmeansparallelalgorithm\debug\kmeanspa.f5855854.tlog\link-rc.read.1.tlog
d:\kmeansparallelalgorithm\kmeansparallelalgorithm\debug\kmeanspa.f5855854.tlog\link-rc.write.1.tlog
d:\kmeansparallelalgorithm\kmeansparallelalgorithm\debug\kmeanspa.f5855854.tlog\link.command.1.tlog
d:\kmeansparallelalgorithm\kmeansparallelalgorithm\debug\kmeanspa.f5855854.tlog\link.read.1.tlog
d:\kmeansparallelalgorithm\kmeansparallelalgorithm\debug\kmeanspa.f5855854.tlog\link.write.1.tlog
